(declare-fun l2 () Bool)
(declare-fun l3 () Bool)
(declare-fun l4 () Bool)
(declare-fun l1 () Bool)
(declare-fun l9 () Bool)
(declare-fun s6 () Bool)
(declare-fun s7 () Bool)
(declare-fun s8 () Bool)
(declare-fun s9 () Bool)
(declare-fun s10 () Bool)
(declare-fun s11 () Bool)
(declare-fun l10 () Bool)
(declare-fun s12 () Bool)
(declare-fun s13 () Bool)
(declare-fun l6 () Bool)
(declare-fun s14 () Bool)
(declare-fun s15 () Bool)
(declare-fun s16 () Bool)
(declare-fun l12 () Bool)
(declare-fun s17 () Bool)
(declare-fun s18 () Bool)
(declare-fun l7 () Bool)
(declare-fun s19 () Bool)
(declare-fun s20 () Bool)
(declare-fun l5 () Bool)
(declare-fun l13 () Bool)
(declare-fun s21 () Bool)
(declare-fun s22 () Bool)
(declare-fun l8 () Bool)
(declare-fun l14 () Bool)
(declare-fun s23 () Bool)
(declare-fun s5 () Bool)
(declare-fun l11 () Bool)

(declare-fun o_t6 () Bool)
(declare-fun o_t7 () Bool)
(declare-fun o_t8 () Bool)
(declare-fun o_t9 () Bool)
(declare-fun o_t10 () Bool)
(declare-fun o_t11 () Bool)
(declare-fun o_t12 () Bool)
(declare-fun o_t13 () Bool)
(declare-fun o_t14 () Bool)
(declare-fun o_t15 () Bool)
(declare-fun o_t16 () Bool)
(declare-fun o_t17 () Bool)
(declare-fun o_t18 () Bool)
(declare-fun o_t19 () Bool)
(declare-fun o_t20 () Bool)
(declare-fun o_t21 () Bool)
(declare-fun o_t22 () Bool)
(declare-fun o_t23 () Bool)
(declare-fun o_t24 () Bool)
(declare-fun o_t25 () Bool)
(declare-fun o_t26 () Bool)
(declare-fun o_t27 () Bool)
(declare-fun o_t28 () Bool)
(declare-fun o_t29 () Bool)
(declare-fun o_t30 () Bool)
(declare-fun o_t31 () Bool)
(declare-fun o_t32 () Bool)
(declare-fun o_t33 () Bool)
(declare-fun o_t34 () Bool)
(declare-fun o_t35 () Bool)

(assert (implies l2 (and o_t8 o_t7)))
(assert (implies l3 (and o_t10 o_t9)))
(assert (implies l4 o_t11))
(assert (implies l1 o_t6))
(assert (implies l9 o_t16))
(assert (implies s6 o_t18))
(assert (implies s7 o_t19))
(assert (implies s8 o_t20))
(assert (implies s9 o_t21))
(assert (implies s10 o_t22))
(assert (implies s11 o_t23))
(assert (implies l10 (and o_t22 o_t17)))
(assert (implies s12 o_t24))
(assert (implies s13 o_t25))
(assert (implies l6 o_t26))
(assert (implies s14 o_t26))
(assert (implies s15 o_t27))
(assert (implies s16 o_t28))
(assert (implies l12 (and o_t29 o_t28)))
(assert (implies s17 o_t29))
(assert (implies s18 o_t30))
(assert (implies l7 (and o_t24 o_t19 o_t13)))
(assert (implies s19 o_t31))
(assert (implies s20 o_t32))
(assert (implies l5 (and o_t18 o_t12)))
(assert (implies l13 (and o_t33 o_t31)))
(assert (implies s21 o_t33))
(assert (implies s22 o_t34))
(assert (implies l8 (and o_t20 o_t15 o_t14)))
(assert (implies l14 o_t35))
(assert (implies s23 o_t35))
(assert (implies s5 (and o_t17 o_t16 o_t15 o_t14 o_t13 o_t12 o_t11 o_t10 o_t9 o_t8 o_t7 o_t6)))
(assert (implies l11 o_t27))

(assert (implies o_t6 (or s6 l2)))
(assert (implies o_t7 (or s7 l3)))
(assert (implies o_t8 (or s8 l3)))
(assert (implies o_t9 (or s10 l4)))
(assert (implies o_t10 (or s12 l4)))
(assert (implies o_t11 (or s14 l1)))
(assert (implies o_t12 (or s19 l14)))
(assert (implies o_t13 (or s17 l13)))
(assert (implies o_t14 (or s16 l7)))
(assert (implies o_t15 (or s21 l14)))
(assert (implies o_t16 (or s23 l10)))
(assert (implies o_t17 (or s15 l9)))
(assert (implies o_t18 (or s5 l6)))
(assert (implies o_t19 (or s5 l8)))
(assert (implies o_t20 s9))
(assert (implies o_t21 (or s5 l8)))
(assert (implies o_t22 s11))
(assert (implies o_t23 (or s5 l10)))
(assert (implies o_t24 s13))
(assert (implies o_t25 (or s5 l7)))
(assert (implies o_t26 (or s5 l5)))
(assert (implies o_t27 (or s5 l12)))
(assert (implies o_t28 (or s5 l13)))
(assert (implies o_t29 s18))
(assert (implies o_t30 (or s5 l7)))
(assert (implies o_t31 s20))
(assert (implies o_t32 (or s5 l5)))
(assert (implies o_t33 s22))
(assert (implies o_t34 (or s5 l8)))
(assert (implies o_t35 (or s5 l11)))

(assert (or l1 l5 l8 l10 l11 s5))

(assert (not s5))
(assert (not l14))
(assert (not l8))
(assert (not l6))
(assert (not l9))
(assert (not l4))

(check-sat)
(get-model)
